빌드 시작: 2012-08-14 오후 9:10:21
     1>2 노드의 "C:\Users\SGA-A13\Desktop\작업\trunk\이지환\Shapes\Shapes\Shapes.vcxproj" 프로젝트(build 대상)입니다.
     1>InitializeBuildStatus:
         "Debug\Shapes.unsuccessfulbuild"에 연결(touching)하고 있습니다.
       ClCompile:
         모든 출력이 최신 상태입니다.
         C:\Program Files (x86)\Microsoft Visual Studio 10.0\VC\bin\CL.exe /c /ZI /nologo /W3 /WX- /Od /Oy- /D WIN32 /D _DEBUG /D _CONSOLE /D _UNICODE /D UNICODE /Gm /EHsc /RTC1 /MDd /GS /fp:precise /Zc:wchar_t /Zc:forScope /Yu"StdAfx.h" /Fp"Debug\Shapes.pch" /Fo"Debug\\" /Fd"Debug\vc100.pdb" /Gd /TP /analyze- /errorReport:prompt Shapes.cpp
         Shapes.cpp
     1>c:\users\sga-a13\desktop\작업\trunk\이지환\shapes\shapes\shapes.cpp(163): warning C4018: '<' : signed 또는 unsigned가 일치하지 않습니다.
       ManifestResourceCompile:
         모든 출력이 최신 상태입니다.
       Link:
         C:\Program Files (x86)\Microsoft Visual Studio 10.0\VC\bin\link.exe /ERRORREPORT:PROMPT /OUT:"C:\Users\SGA-A13\Desktop\작업\trunk\이지환\Shapes\Debug\Shapes.exe" /INCREMENTAL /NOLOGO kernel32.lib user32.lib gdi32.lib winspool.lib comdlg32.lib advapi32.lib shell32.lib ole32.lib oleaut32.lib uuid.lib odbc32.lib odbccp32.lib /MANIFEST /ManifestFile:"Debug\Shapes.exe.intermediate.manifest" /MANIFESTUAC:"level='asInvoker' uiAccess='false'" /DEBUG /PDB:"C:\Users\SGA-A13\Desktop\작업\trunk\이지환\Shapes\Debug\Shapes.pdb" /SUBSYSTEM:CONSOLE /TLBID:1 /DYNAMICBASE /NXCOMPAT /IMPLIB:"C:\Users\SGA-A13\Desktop\작업\trunk\이지환\Shapes\Debug\Shapes.lib" /MACHINE:X86 Debug\Shapes.exe.embed.manifest.res
         Debug\MyRect.obj
         Debug\Shapes.obj
         Debug\stdafx.obj
       Manifest:
         C:\Program Files (x86)\Microsoft SDKs\Windows\v7.0A\bin\mt.exe /nologo /verbose /out:"Debug\Shapes.exe.embed.manifest" /manifest Debug\Shapes.exe.intermediate.manifest
         모든 출력이 최신 상태입니다.
       LinkEmbedManifest:
         모든 출력이 최신 상태입니다.
         Shapes.vcxproj -> C:\Users\SGA-A13\Desktop\작업\trunk\이지환\Shapes\Debug\Shapes.exe
       FinalizeBuildStatus:
         "Debug\Shapes.unsuccessfulbuild" 파일을 삭제하고 있습니다.
         "Debug\Shapes.lastbuildstate"에 연결(touching)하고 있습니다.
     1>"C:\Users\SGA-A13\Desktop\작업\trunk\이지환\Shapes\Shapes\Shapes.vcxproj" 프로젝트를 빌드했습니다(build 대상).

빌드했습니다.

경과 시간: 00:00:01.05
