빌드 시작: 2012-08-07 오후 9:58:08
     1>2 노드의 "C:\Users\SGA-12\Desktop\작업\trunk\변영화\변영화\Shooting\Shooting\Shooting.vcxproj" 프로젝트(build 대상)입니다.
     1>InitializeBuildStatus:
         "AlwaysCreate"이(가) 지정되었기 때문에 "Debug\Shooting.unsuccessfulbuild"을(를) 만들고 있습니다.
       ClCompile:
         모든 출력이 최신 상태입니다.
         C:\Program Files (x86)\Microsoft Visual Studio 10.0\VC\bin\CL.exe /c /ZI /nologo /W3 /WX- /Od /Oy- /D WIN32 /D _DEBUG /D _CONSOLE /D _UNICODE /D UNICODE /Gm /EHsc /RTC1 /MDd /GS /fp:precise /Zc:wchar_t /Zc:forScope /Yu"StdAfx.h" /Fp"Debug\Shooting.pch" /Fo"Debug\\" /Fd"Debug\vc100.pdb" /Gd /TP /analyze- /errorReport:prompt Airplane.cpp Attack.cpp Defence.cpp Move.cpp Shooting.cpp
         Move.cpp
         Defence.cpp
         Attack.cpp
         코드를 생성하고 있습니다...
         컴파일하고 있습니다...
         Airplane.cpp
         코드를 생성하고 있습니다...
         컴파일하고 있습니다...
         Shooting.cpp
         코드를 생성하고 있습니다...
       ManifestResourceCompile:
         모든 출력이 최신 상태입니다.
       Link:
         C:\Program Files (x86)\Microsoft Visual Studio 10.0\VC\bin\link.exe /ERRORREPORT:PROMPT /OUT:"C:\Users\SGA-12\Desktop\작업\trunk\변영화\변영화\Shooting\Debug\Shooting.exe" /INCREMENTAL /NOLOGO kernel32.lib user32.lib gdi32.lib winspool.lib comdlg32.lib advapi32.lib shell32.lib ole32.lib oleaut32.lib uuid.lib odbc32.lib odbccp32.lib /MANIFEST /ManifestFile:"Debug\Shooting.exe.intermediate.manifest" /MANIFESTUAC:"level='asInvoker' uiAccess='false'" /DEBUG /PDB:"C:\Users\SGA-12\Desktop\작업\trunk\변영화\변영화\Shooting\Debug\Shooting.pdb" /SUBSYSTEM:CONSOLE /TLBID:1 /DYNAMICBASE /NXCOMPAT /IMPLIB:"C:\Users\SGA-12\Desktop\작업\trunk\변영화\변영화\Shooting\Debug\Shooting.lib" /MACHINE:X86 Debug\Shooting.exe.embed.manifest.res
         Debug\Airplane.obj
         Debug\Attack.obj
         Debug\Defence.obj
         Debug\Move.obj
         Debug\Shooting.obj
         Debug\stdafx.obj
       Manifest:
         C:\Program Files (x86)\Microsoft SDKs\Windows\v7.0A\bin\mt.exe /nologo /verbose /out:"Debug\Shooting.exe.embed.manifest" /manifest Debug\Shooting.exe.intermediate.manifest
         모든 출력이 최신 상태입니다.
       LinkEmbedManifest:
         모든 출력이 최신 상태입니다.
         Shooting.vcxproj -> C:\Users\SGA-12\Desktop\작업\trunk\변영화\변영화\Shooting\Debug\Shooting.exe
       FinalizeBuildStatus:
         "Debug\Shooting.unsuccessfulbuild" 파일을 삭제하고 있습니다.
         "Debug\Shooting.lastbuildstate"에 연결(touching)하고 있습니다.
     1>"C:\Users\SGA-12\Desktop\작업\trunk\변영화\변영화\Shooting\Shooting\Shooting.vcxproj" 프로젝트를 빌드했습니다(build 대상).

빌드했습니다.

경과 시간: 00:00:01.05
