빌드 시작: 2012-08-14 오후 8:53:21
     1>2 노드의 "C:\Users\SGA-12\Desktop\작업\trunk\변영화\변영화\20120804 자료형\20120804 자료형\20120804 자료형.vcxproj" 프로젝트(build 대상)입니다.
     1>InitializeBuildStatus:
         "AlwaysCreate"이(가) 지정되었기 때문에 "Debug\20120804 자료형.unsuccessfulbuild"을(를) 만들고 있습니다.
       ClCompile:
         모든 출력이 최신 상태입니다.
         C:\Program Files (x86)\Microsoft Visual Studio 10.0\VC\bin\CL.exe /c /ZI /nologo /W3 /WX- /Od /Oy- /D WIN32 /D _DEBUG /D _CONSOLE /D _UNICODE /D UNICODE /Gm /EHsc /RTC1 /MDd /GS /fp:precise /Zc:wchar_t /Zc:forScope /Yu"StdAfx.h" /Fp"Debug\20120804 자료형.pch" /Fo"Debug\\" /Fd"Debug\vc100.pdb" /Gd /TP /analyze- /errorReport:prompt "20120804 자료형.cpp"
         20120804 자료형.cpp
     1>c:\users\sga-12\desktop\작업\trunk\변영화\변영화\20120804 자료형\20120804 자료형\20120804 자료형.cpp(12): warning C4305: '초기화 중' : 'int'에서 'short'(으)로 잘립니다.
     1>c:\users\sga-12\desktop\작업\trunk\변영화\변영화\20120804 자료형\20120804 자료형\20120804 자료형.cpp(12): warning C4309: '초기화 중' : 상수 값이 잘립니다.
     1>c:\users\sga-12\desktop\작업\trunk\변영화\변영화\20120804 자료형\20120804 자료형\20120804 자료형.cpp(13): warning C4309: '초기화 중' : 상수 값이 잘립니다.
     1>c:\users\sga-12\desktop\작업\trunk\변영화\변영화\20120804 자료형\20120804 자료형\20120804 자료형.cpp(14): warning C4309: '=' : 상수 값이 잘립니다.
       ManifestResourceCompile:
         모든 출력이 최신 상태입니다.
       Link:
         C:\Program Files (x86)\Microsoft Visual Studio 10.0\VC\bin\link.exe /ERRORREPORT:PROMPT /OUT:"C:\Users\SGA-12\Desktop\작업\trunk\변영화\변영화\20120804 자료형\Debug\20120804 자료형.exe" /INCREMENTAL /NOLOGO kernel32.lib user32.lib gdi32.lib winspool.lib comdlg32.lib advapi32.lib shell32.lib ole32.lib oleaut32.lib uuid.lib odbc32.lib odbccp32.lib /MANIFEST /ManifestFile:"Debug\20120804 자료형.exe.intermediate.manifest" /MANIFESTUAC:"level='asInvoker' uiAccess='false'" /DEBUG /PDB:"C:\Users\SGA-12\Desktop\작업\trunk\변영화\변영화\20120804 자료형\Debug\20120804 자료형.pdb" /SUBSYSTEM:CONSOLE /TLBID:1 /DYNAMICBASE /NXCOMPAT /IMPLIB:"C:\Users\SGA-12\Desktop\작업\trunk\변영화\변영화\20120804 자료형\Debug\20120804 자료형.lib" /MACHINE:X86 "Debug\20120804 자료형.exe.embed.manifest.res"
         "Debug\20120804 자료형.obj"
         Debug\stdafx.obj
       Manifest:
         C:\Program Files (x86)\Microsoft SDKs\Windows\v7.0A\bin\mt.exe /nologo /verbose /out:"Debug\20120804 자료형.exe.embed.manifest" /manifest "Debug\20120804 자료형.exe.intermediate.manifest"
         모든 출력이 최신 상태입니다.
       LinkEmbedManifest:
         모든 출력이 최신 상태입니다.
         20120804 자료형.vcxproj -> C:\Users\SGA-12\Desktop\작업\trunk\변영화\변영화\20120804 자료형\Debug\20120804 자료형.exe
       FinalizeBuildStatus:
         "Debug\20120804 자료형.unsuccessfulbuild" 파일을 삭제하고 있습니다.
         "Debug\20120804 자료형.lastbuildstate"에 연결(touching)하고 있습니다.
     1>"C:\Users\SGA-12\Desktop\작업\trunk\변영화\변영화\20120804 자료형\20120804 자료형\20120804 자료형.vcxproj" 프로젝트를 빌드했습니다(build 대상).

빌드했습니다.

경과 시간: 00:00:00.78
