빌드 시작: 2012-08-08 오후 9:14:48
     1>2 노드의 "C:\Users\SGA-A14\Desktop\ogok84\trunk\정민규\2\2\2.vcxproj" 프로젝트(build 대상)입니다.
     1>InitializeBuildStatus:
         "AlwaysCreate"이(가) 지정되었기 때문에 "Debug\2.unsuccessfulbuild"을(를) 만들고 있습니다.
       ClCompile:
         모든 출력이 최신 상태입니다.
         c:\Program Files (x86)\Microsoft Visual Studio 10.0\VC\bin\CL.exe /c /ZI /nologo /W3 /WX- /Od /Oy- /D WIN32 /D _DEBUG /D _CONSOLE /D _UNICODE /D UNICODE /Gm /EHsc /RTC1 /MDd /GS /fp:precise /Zc:wchar_t /Zc:forScope /Yu"StdAfx.h" /Fp"Debug\2.pch" /Fo"Debug\\" /Fd"Debug\vc100.pdb" /Gd /TP /analyze- /errorReport:prompt 2.cpp
         2.cpp
     1>c:\users\sga-a14\desktop\ogok84\trunk\정민규\2\2\2.cpp(51): warning C4101: 'weight' :참조되지 않은 지역 변수입니다.
     1>c:\users\sga-a14\desktop\ogok84\trunk\정민규\2\2\2.cpp(49): warning C4101: 'age' :참조되지 않은 지역 변수입니다.
     1>c:\users\sga-a14\desktop\ogok84\trunk\정민규\2\2\2.cpp(50): warning C4101: 'height' :참조되지 않은 지역 변수입니다.
       ManifestResourceCompile:
         모든 출력이 최신 상태입니다.
       Link:
         c:\Program Files (x86)\Microsoft Visual Studio 10.0\VC\bin\link.exe /ERRORREPORT:PROMPT /OUT:"C:\Users\SGA-A14\Desktop\ogok84\trunk\정민규\2\Debug\2.exe" /INCREMENTAL /NOLOGO kernel32.lib user32.lib gdi32.lib winspool.lib comdlg32.lib advapi32.lib shell32.lib ole32.lib oleaut32.lib uuid.lib odbc32.lib odbccp32.lib /MANIFEST /ManifestFile:"Debug\2.exe.intermediate.manifest" /MANIFESTUAC:"level='asInvoker' uiAccess='false'" /DEBUG /PDB:"C:\Users\SGA-A14\Desktop\ogok84\trunk\정민규\2\Debug\2.pdb" /SUBSYSTEM:CONSOLE /TLBID:1 /DYNAMICBASE /NXCOMPAT /IMPLIB:"C:\Users\SGA-A14\Desktop\ogok84\trunk\정민규\2\Debug\2.lib" /MACHINE:X86 Debug\2.exe.embed.manifest.res
         Debug\2.obj
         Debug\Arm.obj
         Debug\Chest.obj
         Debug\Head.obj
         Debug\human.obj
         Debug\Leg.obj
         Debug\stdafx.obj
         Debug\Stomach.obj
       Manifest:
         C:\Program Files (x86)\Microsoft SDKs\Windows\v7.0A\bin\mt.exe /nologo /verbose /out:"Debug\2.exe.embed.manifest" /manifest Debug\2.exe.intermediate.manifest
         모든 출력이 최신 상태입니다.
       LinkEmbedManifest:
         모든 출력이 최신 상태입니다.
         2.vcxproj -> C:\Users\SGA-A14\Desktop\ogok84\trunk\정민규\2\Debug\2.exe
       FinalizeBuildStatus:
         "Debug\2.unsuccessfulbuild" 파일을 삭제하고 있습니다.
         "Debug\2.lastbuildstate"에 연결(touching)하고 있습니다.
     1>"C:\Users\SGA-A14\Desktop\ogok84\trunk\정민규\2\2\2.vcxproj" 프로젝트를 빌드했습니다(build 대상).

빌드했습니다.

경과 시간: 00:00:00.84
