빌드 시작: 2012-08-07 오후 9:57:55
     1>2 노드의 "C:\Users\SGA-A01\Desktop\work\trunk\방민형\비행기\비행기\비행기.vcxproj" 프로젝트(build 대상)입니다.
     1>InitializeBuildStatus:
         "AlwaysCreate"이(가) 지정되었기 때문에 "Debug\비행기.unsuccessfulbuild"을(를) 만들고 있습니다.
       ClCompile:
         모든 출력이 최신 상태입니다.
         C:\Program Files (x86)\Microsoft Visual Studio 10.0\VC\bin\CL.exe /c /ZI /nologo /W3 /WX- /Od /Oy- /D WIN32 /D _DEBUG /D _CONSOLE /D _UNICODE /D UNICODE /Gm /EHsc /RTC1 /MDd /GS /fp:precise /Zc:wchar_t /Zc:forScope /Yu"StdAfx.h" /Fp"Debug\비행기.pch" /Fo"Debug\\" /Fd"Debug\vc100.pdb" /Gd /TP /analyze- /errorReport:prompt Plane.cpp "비행기.cpp" "비행기게임.cpp"
         비행기.cpp
     1>c:\users\sga-a01\desktop\work\trunk\방민형\비행기\비행기\비행기.cpp(9): error C2065: '비행기게임' : 선언되지 않은 식별자입니다.
     1>c:\users\sga-a01\desktop\work\trunk\방민형\비행기\비행기\비행기.cpp(9): error C2146: 구문 오류 : ';'이(가) 'game' 식별자 앞에 없습니다.
     1>c:\users\sga-a01\desktop\work\trunk\방민형\비행기\비행기\비행기.cpp(9): error C2065: 'game' : 선언되지 않은 식별자입니다.
     1>c:\users\sga-a01\desktop\work\trunk\방민형\비행기\비행기\비행기.cpp(10): error C2065: 'game' : 선언되지 않은 식별자입니다.
     1>c:\users\sga-a01\desktop\work\trunk\방민형\비행기\비행기\비행기.cpp(10): error C2228: '.badplane' 왼쪽에는 클래스/구조체/공용 구조체가 있어야 합니다.
                 ''unknown-type'' 형식입니다.
     1>c:\users\sga-a01\desktop\work\trunk\방민형\비행기\비행기\비행기.cpp(11): error C2065: 'game' : 선언되지 않은 식별자입니다.
     1>c:\users\sga-a01\desktop\work\trunk\방민형\비행기\비행기\비행기.cpp(11): error C2228: '.bullet' 왼쪽에는 클래스/구조체/공용 구조체가 있어야 합니다.
                 ''unknown-type'' 형식입니다.
     1>c:\users\sga-a01\desktop\work\trunk\방민형\비행기\비행기\비행기.cpp(12): error C2065: 'game' : 선언되지 않은 식별자입니다.
     1>c:\users\sga-a01\desktop\work\trunk\방민형\비행기\비행기\비행기.cpp(12): error C2228: '.plane' 왼쪽에는 클래스/구조체/공용 구조체가 있어야 합니다.
                 ''unknown-type'' 형식입니다.
     1>c:\users\sga-a01\desktop\work\trunk\방민형\비행기\비행기\비행기.cpp(13): error C2065: 'game' : 선언되지 않은 식별자입니다.
     1>c:\users\sga-a01\desktop\work\trunk\방민형\비행기\비행기\비행기.cpp(13): error C2228: '.plane' 왼쪽에는 클래스/구조체/공용 구조체가 있어야 합니다.
                 ''unknown-type'' 형식입니다.
     1>c:\users\sga-a01\desktop\work\trunk\방민형\비행기\비행기\비행기.cpp(14): error C2228: '.game' 왼쪽에는 클래스/구조체/공용 구조체가 있어야 합니다.
     1>c:\users\sga-a01\desktop\work\trunk\방민형\비행기\비행기\비행기.cpp(16): error C2059: 구문 오류 : 'return'
         코드를 생성하고 있습니다...
         컴파일하고 있습니다...
         Plane.cpp
         코드를 생성하고 있습니다...
         컴파일하고 있습니다...
         비행기게임.cpp
     1>c:\users\sga-a01\desktop\work\trunk\방민형\비행기\비행기\비행기게임.cpp(12): error C2039: 'shoot' : '비행기게임'의 멤버가 아닙니다.
                 c:\users\sga-a01\desktop\work\trunk\방민형\비행기\비행기\비행기게임.h(8) : '비행기게임' 선언을 참조하십시오.
     1>c:\users\sga-a01\desktop\work\trunk\방민형\비행기\비행기\비행기게임.cpp(17): error C2039: 'crash' : '비행기게임'의 멤버가 아닙니다.
                 c:\users\sga-a01\desktop\work\trunk\방민형\비행기\비행기\비행기게임.h(8) : '비행기게임' 선언을 참조하십시오.
     1>c:\users\sga-a01\desktop\work\trunk\방민형\비행기\비행기\비행기게임.cpp(22): error C2039: 'move' : '비행기게임'의 멤버가 아닙니다.
                 c:\users\sga-a01\desktop\work\trunk\방민형\비행기\비행기\비행기게임.h(8) : '비행기게임' 선언을 참조하십시오.
         코드를 생성하고 있습니다...
     1>"C:\Users\SGA-A01\Desktop\work\trunk\방민형\비행기\비행기\비행기.vcxproj" 프로젝트를 빌드했습니다(build 대상). - 실패

빌드하지 못했습니다.

경과 시간: 00:00:00.12
