빌드 시작: 2012-08-13 오후 4:21:00
     1>2 노드의 "C:\Users\SGA-A04\Desktop\work\trunk\허재현\Rec\황승열\황승열\황승열.vcxproj" 프로젝트(build 대상)입니다.
     1>InitializeBuildStatus:
         "AlwaysCreate"이(가) 지정되었기 때문에 "Debug\황승열.unsuccessfulbuild"을(를) 만들고 있습니다.
       ClCompile:
         모든 출력이 최신 상태입니다.
         C:\Program Files (x86)\Microsoft Visual Studio 10.0\VC\bin\CL.exe /c /ZI /nologo /W3 /WX- /Od /Oy- /D WIN32 /D _DEBUG /D _CONSOLE /D _UNICODE /D UNICODE /Gm /EHsc /RTC1 /MDd /GS /fp:precise /Zc:wchar_t /Zc:forScope /Yu"StdAfx.h" /Fp"Debug\황승열.pch" /Fo"Debug\\" /Fd"Debug\vc100.pdb" /Gd /TP /analyze- /errorReport:prompt "황승열.cpp"
         황승열.cpp
       ManifestResourceCompile:
         모든 출력이 최신 상태입니다.
       Link:
         C:\Program Files (x86)\Microsoft Visual Studio 10.0\VC\bin\link.exe /ERRORREPORT:PROMPT /OUT:"C:\Users\SGA-A04\Desktop\work\trunk\허재현\Rec\황승열\Debug\황승열.exe" /INCREMENTAL /NOLOGO kernel32.lib user32.lib gdi32.lib winspool.lib comdlg32.lib advapi32.lib shell32.lib ole32.lib oleaut32.lib uuid.lib odbc32.lib odbccp32.lib /MANIFEST /ManifestFile:"Debug\황승열.exe.intermediate.manifest" /MANIFESTUAC:"level='asInvoker' uiAccess='false'" /DEBUG /PDB:"C:\Users\SGA-A04\Desktop\work\trunk\허재현\Rec\황승열\Debug\황승열.pdb" /SUBSYSTEM:CONSOLE /TLBID:1 /DYNAMICBASE /NXCOMPAT /IMPLIB:"C:\Users\SGA-A04\Desktop\work\trunk\허재현\Rec\황승열\Debug\황승열.lib" /MACHINE:X86 "Debug\황승열.exe.embed.manifest.res"
         Debug\Parents.obj
         Debug\stdafx.obj
         "Debug\황승열.obj"
       Manifest:
         C:\Program Files (x86)\Microsoft SDKs\Windows\v7.0A\bin\mt.exe /nologo /verbose /out:"Debug\황승열.exe.embed.manifest" /manifest "Debug\황승열.exe.intermediate.manifest"
         모든 출력이 최신 상태입니다.
       LinkEmbedManifest:
         모든 출력이 최신 상태입니다.
         황승열.vcxproj -> C:\Users\SGA-A04\Desktop\work\trunk\허재현\Rec\황승열\Debug\황승열.exe
       FinalizeBuildStatus:
         "Debug\황승열.unsuccessfulbuild" 파일을 삭제하고 있습니다.
         "Debug\황승열.lastbuildstate"에 연결(touching)하고 있습니다.
     1>"C:\Users\SGA-A04\Desktop\work\trunk\허재현\Rec\황승열\황승열\황승열.vcxproj" 프로젝트를 빌드했습니다(build 대상).

빌드했습니다.

경과 시간: 00:00:00.32
